npm warn exec The following package was not found and will be installed: http-server@14.1.1
npm warn deprecated whatwg-encoding@2.0.0: Use @exodus/bytes instead for a more spec-conformant and faster implementation
Starting up http-server, serving .

http-server version: 14.1.1

http-server settings: 
CORS: disabled
Cache: 3600 seconds
Connection Timeout: 120 seconds
Directory Listings: visible
AutoIndex: visible
Serve GZIP Files: false
Serve Brotli Files: false
Default File Extension: none

Available on:
  http://127.0.0.1:8080
  http://192.168.0.2:8080
Hit CTRL-C to stop the server

[2026-03-12T23:52:01.123Z]  "GET /" "curl/8.5.0"
(node:2873) [DEP0066] DeprecationWarning: OutgoingMessage.prototype._headers is deprecated
(Use `node --trace-deprecation ...` to show where the warning was created)
[2026-03-12T23:54:20.677Z]  "GET /css/styles.css" "curl/8.5.0"
